<?xml version="1.0" encoding="UTF-8"?><testrun name="RentalManagerTests (3)" project="EventPlanning_6" tests="4" started="4" failures="2" errors="0" ignored="0">
  <testsuite name="com.psamp.util.RentalManagerTests" time="0.02">
    <testcase name="testDisplayAllRentalCars" classname="com.psamp.util.RentalManagerTests" time="0.016">
      <failure>
        <expected>Anakin Skywalker drives the 2009 Toyota Matrix (ID: 1.)
Natalia Ramanova drives the 2014 Honda Civic (ID: 2.)
Bucky Barnes drives the 2009 Nissan Quest (ID: 3.)
Ahsoka Tano drives the 2008 Ford Explorer (ID: 4.)
Avatar Korra drives the 2009 Mazda Mazda3 (ID: 5.)
</expected>
        <actual>Anakin Skywalker drives the 2009 Toyota Matrix (ID: 1.)
 Natalia Ramanova drives the 2014 Honda Civic (ID: 2.)
 Bucky Barnes drives the 2009 Nissan Quest (ID: 3.)
 Ahsoka Tano drives the 2008 Ford Explorer (ID: 4.)
 Avatar Korra drives the 2009 Mazda Mazda3 (ID: 5.)
 </actual>org.junit.ComparisonFailure: expected:&lt;...ota Matrix (ID: 1.)
[Natalia Ramanova drives the 2014 Honda Civic (ID: 2.)
Bucky Barnes drives the 2009 Nissan Quest (ID: 3.)
Ahsoka Tano drives the 2008 Ford Explorer (ID: 4.)
Avatar Korra drives the 2009 Mazda Mazda3 (ID: 5.)
]&gt; but was:&lt;...ota Matrix (ID: 1.)
[ Natalia Ramanova drives the 2014 Honda Civic (ID: 2.)
 Bucky Barnes drives the 2009 Nissan Quest (ID: 3.)
 Ahsoka Tano drives the 2008 Ford Explorer (ID: 4.)
 Avatar Korra drives the 2009 Mazda Mazda3 (ID: 5.)
 ]&gt;
	at org.junit.Assert.assertEquals(Assert.java:115)
	at org.junit.Assert.assertEquals(Assert.java:144)
	at com.psamp.util.RentalManagerTests.testDisplayAllRentalCars(RentalManagerTests.java:30)
	at sun.reflect.NativeMethodAccessorImpl.invoke0(Native Method)
	at sun.reflect.NativeMethodAccessorImpl.invoke(NativeMethodAccessorImpl.java:57)
	at sun.reflect.DelegatingMethodAccessorImpl.invoke(DelegatingMethodAccessorImpl.java:43)
	at java.lang.reflect.Method.invoke(Method.java:606)
	at org.junit.runners.model.FrameworkMethod$1.runReflectiveCall(FrameworkMethod.java:50)
	at org.junit.internal.runners.model.ReflectiveCallable.run(ReflectiveCallable.java:12)
	at org.junit.runners.model.FrameworkMethod.invokeExplosively(FrameworkMethod.java:47)
	at org.junit.internal.runners.statements.InvokeMethod.evaluate(InvokeMethod.java:17)
	at org.junit.internal.runners.statements.RunBefores.evaluate(RunBefores.java:26)
	at org.junit.runners.ParentRunner.runLeaf(ParentRunner.java:325)
	at org.junit.runners.BlockJUnit4ClassRunner.runChild(BlockJUnit4ClassRunner.java:78)
	at org.junit.runners.BlockJUnit4ClassRunner.runChild(BlockJUnit4ClassRunner.java:57)
	at org.junit.runners.ParentRunner$3.run(ParentRunner.java:290)
	at org.junit.runners.ParentRunner$1.schedule(ParentRunner.java:71)
	at org.junit.runners.ParentRunner.runChildren(ParentRunner.java:288)
	at org.junit.runners.ParentRunner.access$000(ParentRunner.java:58)
	at org.junit.runners.ParentRunner$2.evaluate(ParentRunner.java:268)
	at org.junit.runners.ParentRunner.run(ParentRunner.java:363)
	at org.eclipse.jdt.internal.junit4.runner.JUnit4TestReference.run(JUnit4TestReference.java:86)
	at org.eclipse.jdt.internal.junit.runner.TestExecution.run(TestExecution.java:38)
	at org.eclipse.jdt.internal.junit.runner.RemoteTestRunner.runTests(RemoteTestRunner.java:459)
	at org.eclipse.jdt.internal.junit.runner.RemoteTestRunner.runTests(RemoteTestRunner.java:675)
	at org.eclipse.jdt.internal.junit.runner.RemoteTestRunner.run(RemoteTestRunner.java:382)
	at org.eclipse.jdt.internal.junit.runner.RemoteTestRunner.main(RemoteTestRunner.java:192)

</failure>
    </testcase>
    <testcase name="testGetAmoutOfCars" classname="com.psamp.util.RentalManagerTests" time="0.001"/>
    <testcase name="testDisplayAllHotelRooms" classname="com.psamp.util.RentalManagerTests" time="0.001">
      <failure>
        <expected>Room 16 has 2 bed(s). Smoking is allowed. Room 12 has 1 bed(s). Smoking is not allowed. Room 4 has 1 bed(s). Smoking is allowed. Room 43 has 2 bed(s). Smoking is not allowed. </expected>
        <actual>Room 16 has 2 bed(s). Smoking is allowed. Room 12 has 1 bed(s). Smoking is not allowed.
 Room 4 has 1 bed(s). Smoking is allowed. Room 43 has 2 bed(s). Smoking is not allowed.
 </actual>org.junit.ComparisonFailure: expected:&lt;...king is not allowed.[ Room 4 has 1 bed(s). Smoking is allowed. Room 43 has 2 bed(s). Smoking is not allowed.] &gt; but was:&lt;...king is not allowed.[
 Room 4 has 1 bed(s). Smoking is allowed. Room 43 has 2 bed(s). Smoking is not allowed.
] &gt;
	at org.junit.Assert.assertEquals(Assert.java:115)
	at org.junit.Assert.assertEquals(Assert.java:144)
	at com.psamp.util.RentalManagerTests.testDisplayAllHotelRooms(RentalManagerTests.java:22)
	at sun.reflect.NativeMethodAccessorImpl.invoke0(Native Method)
	at sun.reflect.NativeMethodAccessorImpl.invoke(NativeMethodAccessorImpl.java:57)
	at sun.reflect.DelegatingMethodAccessorImpl.invoke(DelegatingMethodAccessorImpl.java:43)
	at java.lang.reflect.Method.invoke(Method.java:606)
	at org.junit.runners.model.FrameworkMethod$1.runReflectiveCall(FrameworkMethod.java:50)
	at org.junit.internal.runners.model.ReflectiveCallable.run(ReflectiveCallable.java:12)
	at org.junit.runners.model.FrameworkMethod.invokeExplosively(FrameworkMethod.java:47)
	at org.junit.internal.runners.statements.InvokeMethod.evaluate(InvokeMethod.java:17)
	at org.junit.internal.runners.statements.RunBefores.evaluate(RunBefores.java:26)
	at org.junit.runners.ParentRunner.runLeaf(ParentRunner.java:325)
	at org.junit.runners.BlockJUnit4ClassRunner.runChild(BlockJUnit4ClassRunner.java:78)
	at org.junit.runners.BlockJUnit4ClassRunner.runChild(BlockJUnit4ClassRunner.java:57)
	at org.junit.runners.ParentRunner$3.run(ParentRunner.java:290)
	at org.junit.runners.ParentRunner$1.schedule(ParentRunner.java:71)
	at org.junit.runners.ParentRunner.runChildren(ParentRunner.java:288)
	at org.junit.runners.ParentRunner.access$000(ParentRunner.java:58)
	at org.junit.runners.ParentRunner$2.evaluate(ParentRunner.java:268)
	at org.junit.runners.ParentRunner.run(ParentRunner.java:363)
	at org.eclipse.jdt.internal.junit4.runner.JUnit4TestReference.run(JUnit4TestReference.java:86)
	at org.eclipse.jdt.internal.junit.runner.TestExecution.run(TestExecution.java:38)
	at org.eclipse.jdt.internal.junit.runner.RemoteTestRunner.runTests(RemoteTestRunner.java:459)
	at org.eclipse.jdt.internal.junit.runner.RemoteTestRunner.runTests(RemoteTestRunner.java:675)
	at org.eclipse.jdt.internal.junit.runner.RemoteTestRunner.run(RemoteTestRunner.java:382)
	at org.eclipse.jdt.internal.junit.runner.RemoteTestRunner.main(RemoteTestRunner.java:192)

</failure>
    </testcase>
    <testcase name="testGetAmoutOfRooms" classname="com.psamp.util.RentalManagerTests" time="0.001"/>
  </testsuite>
</testrun>
